#
# A fatal error has been detected by the Java Runtime Environment:
#
#  EXCEPTION_ACCESS_VIOLATION (0xc0000005) at pc=0x00007ffd120518d6, pid=5412, tid=19684
#
# JRE version: OpenJDK Runtime Environment Temurin-17.0.7+7 (17.0.7+7) (build 17.0.7+7)
# Java VM: OpenJDK 64-Bit Server VM Temurin-17.0.7+7 (17.0.7+7, mixed mode, tiered, compressed oops, compressed class ptrs, parallel gc, windows-amd64)
# Problematic frame:
# V  [jvm.dll+0x6818d6]
#
# No core dump will be written. Minidumps are not enabled by default on client versions of Windows
#
# If you would like to submit a bug report, please visit:
#   https://github.com/adoptium/adoptium-support/issues
#

---------------  S U M M A R Y ------------

Command Line: --add-modules=ALL-SYSTEM --add-opens=java.base/java.util=ALL-UNNAMED --add-opens=java.base/java.lang=ALL-UNNAMED --add-opens=java.base/sun.nio.fs=ALL-UNNAMED -Declipse.application=org.eclipse.jdt.ls.core.id1 -Dosgi.bundles.defaultStartLevel=4 -Declipse.product=org.eclipse.jdt.ls.core.product -Djava.import.generatesMetadataFilesAtProjectRoot=false -Dfile.encoding=utf8 -XX:+UseParallelGC -XX:GCTimeRatio=4 -XX:AdaptiveSizePolicyWeight=90 -Dsun.zip.disableMemoryMapping=true -Xmx1G -Xms100m -Xlog:disable -javaagent:d:\Users\yogendra6260\.vscode\extensions\redhat.java-1.19.0-win32-x64\lombok\lombok-1.18.28.jar -XX:+HeapDumpOnOutOfMemoryError -XX:HeapDumpPath=d:\Users\yogendra6260\AppData\Roaming\Code\User\workspaceStorage\b14ce25ea627958b00ebb8ce15486714\redhat.java -Daether.dependencyCollector.impl=bf d:\Users\yogendra6260\.vscode\extensions\redhat.java-1.19.0-win32-x64\server\plugins\org.eclipse.equinox.launcher_1.6.400.v20210924-0641.jar -configuration d:\Users\yogendra6260\AppData\Roaming\Code\User\globalStorage\redhat.java\1.19.0\config_win -data d:\Users\yogendra6260\AppData\Roaming\Code\User\workspaceStorage\b14ce25ea627958b00ebb8ce15486714\redhat.java\jdt_ws

Host: 12th Gen Intel(R) Core(TM) i5-12400, 12 cores, 15G,  Windows 11 , 64 bit Build 22000 (10.0.22000.708)
Time: Tue Jun 27 14:05:50 2023 India Standard Time elapsed time: 17155.135076 seconds (0d 4h 45m 55s)

---------------  T H R E A D  ---------------

Current thread (0x0000017c7afaf610):  GCTaskThread "GC Thread#6" [stack: 0x0000003e7d900000,0x0000003e7da00000] [id=19684]

Stack: [0x0000003e7d900000,0x0000003e7da00000],  sp=0x0000003e7d9ff3d8,  free space=1020k
Native frames: (J=compiled Java code, j=interpreted, Vv=VM code, C=native code)
V  [jvm.dll+0x6818d6]
V  [jvm.dll+0x6aabc7]
V  [jvm.dll+0x6a8492]
V  [jvm.dll+0x6a8d0e]
V  [jvm.dll+0x6aa5a9]
V  [jvm.dll+0x6b2b11]
V  [jvm.dll+0x6b3a2a]
V  [jvm.dll+0x860ffb]
V  [jvm.dll+0x861046]
V  [jvm.dll+0x7e4e7a]
V  [jvm.dll+0x676395]
C  [ucrtbase.dll+0x26c0c]
C  [KERNEL32.dll+0x154e0]
C  [ntdll.dll+0x485b]


siginfo: EXCEPTION_ACCESS_VIOLATION (0xc0000005), reading address 0xffffffffffffffff


Register to memory mapping:

RIP=0x00007ffd120518d6 jvm.dll
RAX=0x0000017c72ea0000 points into unknown readable memory: 0x0000000000140404 | 04 04 14 00 00 00 00 00
RBX=0x00000000c2b0ea80 is an oop: [B 
{0x00000000c2b0ea80} - klass: {type array byte}
 - length: -2147483634
RCX=0x0000000000000053 is an unknown value
RDX=0x1ffffffff0561d53 is an unknown value
RSP=0x0000003e7d9ff3d8 points into unknown readable memory: 0x00007ffd1207abc7 | c7 ab 07 12 fd 7f 00 00
RBP=0x0000003e7d9ff4e0 points into unknown readable memory: 0x00007ffd1237f918 | 18 f9 37 12 fd 7f 00 00
RSI=0x00000000c2b0ea80 is an oop: [B 
{0x00000000c2b0ea80} - klass: {type array byte}
 - length: -2147483634
RDI=0xfffffffff0000004 is an unknown value
R8 =0x0400017c70f4c3a8 is an unknown value
R9 =0x0000000000000001 is an unknown value
R10=0x0000000000561d50 is an unknown value
R11=0x00007ffd125552c0 jvm.dll
R12=0x0 is NULL
R13=0x0000000000000010 is an unknown value
R14=0x0000000100041df0 is a pointer to class: 
java.lang.reflect.AnnotatedElement {0x0000000100041df8}
 - instance size:     2
 - klass size:        63
 - access:            public interface abstract 
 - state:             fully_initialized
 - name:              'java/lang/reflect/AnnotatedElement'
 - super:             'java/lang/Object'
 - sub:               
 - nof implementors:  2
 - arrays:            'java/lang/reflect/AnnotatedElement'[]
 - methods:           Array<T>(0x0000017c75010f70)
 - method ordering:   Array<T>(0x0000017c75000018)
 - default_methods:   Array<T>(0x0000000000000000)
 - local interfaces:  Array<T>(0x0000017c75000058)
 - trans. interfaces: Array<T>(0x0000017c75000058)
 - constants:         constant pool [145]/operands[21] {0x0000017c75010a08} for 'java/lang/reflect/AnnotatedElement' cache=0x0000017c7510e058
 - class loader data:  loader data: 0x0000017c60204870 of 'bootstrap'
 - class annotations:       Array<T>(0x0000000000000000)
 - class type annotations:  Array<T>(0x0000000000000000)
 - field annotations:       Array<T>(0x0000000000000000)
 - field type annotations:  Array<T>(0x0000000000000000)
 - inner classes:     Array<T>(0x0000017c75011500)
 - nest members:     Array<T>(0x0000017c75000028)
 - permitted subclasses:     Array<T>(0x0000017c75000028)
 - java mirror:       a 'java/lang/Class'{0x00000000c01baa60} = 'java/lang/reflect/AnnotatedElement'
 - vtable length      5  (start addr: 0x0000000100041fb8)
 - itable length      0 (start addr: 0x0000000100041fe0)
 - ---- static fields (0 words):
 - ---- non-static fields (0 words):
 - non-static oop maps: 
R15=0x00000000c2b0ea68 is an oop: java.lang.String 
{0x00000000c2b0ea68} - klass: 'java/lang/String'
 - string: ""


Registers:
RAX=0x0000017c72ea0000, RBX=0x00000000c2b0ea80, RCX=0x0000000000000053, RDX=0x1ffffffff0561d53
RSP=0x0000003e7d9ff3d8, RBP=0x0000003e7d9ff4e0, RSI=0x00000000c2b0ea80, RDI=0xfffffffff0000004
R8 =0x0400017c70f4c3a8, R9 =0x0000000000000001, R10=0x0000000000561d50, R11=0x00007ffd125552c0
R12=0x0000000000000000, R13=0x0000000000000010, R14=0x0000000100041df0, R15=0x00000000c2b0ea68
RIP=0x00007ffd120518d6, EFLAGS=0x0000000000010202

Top of Stack: (sp=0x0000003e7d9ff3d8)
0x0000003e7d9ff3d8:   00007ffd1207abc7 00000000c2b0ea80
0x0000003e7d9ff3e8:   fffffffff0000004 00000000c758eb28
0x0000003e7d9ff3f8:   00007ffd120799cf 0000017c73fdb230
0x0000003e7d9ff408:   00007ffd12078492 00000000c2b0ea80
0x0000003e7d9ff418:   00000000c1c75274 00000000c758eb28
0x0000003e7d9ff428:   00007ffd1207973f 0000000100041de8
0x0000003e7d9ff438:   00007ffd12078d0e 00000000c2b0ea7c
0x0000003e7d9ff448:   00007ffd1207a26e 00000000c6eda4f0
0x0000003e7d9ff458:   00000000c6eda4e8 00007ffd124e4770
0x0000003e7d9ff468:   00007ffd122eaa20 000000000000cb05
0x0000003e7d9ff478:   00007ffd1207a5a9 00007ffd1237f918
0x0000003e7d9ff488:   0000017c73fdb230 0000003e7d9ff4e9
0x0000003e7d9ff498:   000000000000cb00 000013b800000f0e
0x0000003e7d9ff4a8:   00007ffd1207abdd 00000000c137d568
0x0000003e7d9ff4b8:   0000000000000005 00001c4200000003
0x0000003e7d9ff4c8:   0000017c73fdb230 0000017c73fdb230 

Instructions: (pc=0x00007ffd120518d6)
0x00007ffd120517d6:   20 48 8b d3 e8 71 f9 ff ff 48 8b c8 4c 8b c6 48
0x00007ffd120517e6:   2b cb 48 ff c1 48 03 f9 48 8d 50 01 49 8d 4e 10
0x00007ffd120517f6:   e8 55 f9 ff ff 48 8b d8 48 3b c5 72 cd 8b 0d 2f
0x00007ffd12051806:   ea 47 00 48 8b 5c 24 40 48 8b 6c 24 48 48 8b 74
0x00007ffd12051816:   24 50 48 d3 e7 48 8b c7 48 83 c4 20 41 5f 41 5e
0x00007ffd12051826:   5f c3 cc cc cc cc cc cc cc cc 48 89 5c 24 08 48
0x00007ffd12051836:   89 7c 24 10 4c 8b d9 4c 8b d2 4c 2b 11 48 8b da
0x00007ffd12051846:   8b 0d ec e9 47 00 49 8b f8 49 c1 ea 03 49 8b 43
0x00007ffd12051856:   10 49 d3 ea 41 0f b6 ca 4d 8b ca 80 e1 3f 49 c1
0x00007ffd12051866:   e9 06 4e 8d 04 c8 41 b9 01 00 00 00 49 8b 00 41
0x00007ffd12051876:   8b d1 48 d3 e2 48 8b c8 48 0b ca 48 3b c8 74 12
0x00007ffd12051886:   f0 49 0f b1 08 74 18 48 8b c8 48 0b ca 48 3b c8
0x00007ffd12051896:   75 ee 32 c0 48 8b 5c 24 08 48 8b 7c 24 10 c3 8b
0x00007ffd120518a6:   0d 8d e9 47 00 48 8d 04 fd 00 00 00 00 49 2b 03
0x00007ffd120518b6:   48 8d 53 f8 48 03 d0 49 8b 43 20 48 c1 ea 03 48
0x00007ffd120518c6:   d3 ea 48 8b ca 48 c1 e9 06 4c 8d 04 c8 0f b6 ca
0x00007ffd120518d6:   49 8b 00 80 e1 3f 49 d3 e1 48 8b c8 49 0b c9 48
0x00007ffd120518e6:   3b c8 74 18 66 0f 1f 44 00 00 f0 49 0f b1 08 74
0x00007ffd120518f6:   0b 48 8b c8 49 0b c9 48 3b c8 75 ee 48 8b 5c 24
0x00007ffd12051906:   08 b0 01 48 8b 7c 24 10 c3 cc e9 1b f2 c9 ff cc
0x00007ffd12051916:   cc cc cc cc cc cc cc cc cc cc 40 53 48 83 ec 30
0x00007ffd12051926:   45 33 c0 b9 d8 00 00 00 41 8d 50 05 e8 69 4e a2
0x00007ffd12051936:   ff 48 8b d8 48 85 c0 74 6a 48 8b c8 e8 d9 f6 b8
0x00007ffd12051946:   ff 48 8d 05 6a 92 32 00 48 8d 4b 60 48 89 03 e8
0x00007ffd12051956:   16 e8 0c 00 33 c0 48 8d 8b a0 00 00 00 89 43 70
0x00007ffd12051966:   48 8d 15 ab 10 2d 00 48 89 43 78 41 b1 01 48 89
0x00007ffd12051976:   83 80 00 00 00 48 89 83 88 00 00 00 48 89 83 90
0x00007ffd12051986:   00 00 00 48 89 83 98 00 00 00 44 8b 05 75 9b 4e
0x00007ffd12051996:   00 88 44 24 20 e8 10 f1 1d 00 48 8b c3 48 83 c4
0x00007ffd120519a6:   30 5b c3 48 83 c4 30 5b c3 cc 80 3d 33 9c 4e 00
0x00007ffd120519b6:   00 75 10 48 8b 05 e8 2e 50 00 48 8b 40 20 48 83
0x00007ffd120519c6:   c0 38 c3 48 c7 c0 ff ff ff ff c3 cc cc cc cc cc 


Stack slot to memory mapping:
stack at sp + 0 slots: 0x00007ffd1207abc7 jvm.dll
stack at sp + 1 slots: 0x00000000c2b0ea80 is an oop: [B 
{0x00000000c2b0ea80} - klass: {type array byte}
 - length: -2147483634
stack at sp + 2 slots: 0xfffffffff0000004 is an unknown value
stack at sp + 3 slots: 0x00000000c758eb28 is an oop: java.lang.ref.SoftReference 
{0x00000000c758eb28} - klass: 'java/lang/ref/SoftReference'
 - ---- fields (total size 5 words):
 - private 'referent' 'Ljava/lang/Object;' @12  a 'java/lang/Class$ReflectionData'{0x00000000c758eb50} (c758eb50)
 - volatile 'queue' 'Ljava/lang/ref/ReferenceQueue;' @16  a 'java/lang/ref/ReferenceQueue$Null'{0x00000000c0000578} (c0000578)
 - volatile 'next' 'Ljava/lang/ref/Reference;' @20  NULL (0)
 - private transient 'discovered' 'Ljava/lang/ref/Reference;' @24  a 'java/lang/ref/SoftReference'{0x00000000c6f33f20} (c6f33f20)
 - private 'timestamp' 'J' @32  88803170 (54b0762 0)
stack at sp + 4 slots: 0x00007ffd120799cf jvm.dll
stack at sp + 5 slots: 0x0000017c73fdb230 points into unknown readable memory: 0x0000017c5dd20150 | 50 01 d2 5d 7c 01 00 00
stack at sp + 6 slots: 0x00007ffd12078492 jvm.dll
stack at sp + 7 slots: 0x00000000c2b0ea80 is an oop: [B 
{0x00000000c2b0ea80} - klass: {type array byte}
 - length: -2147483634


---------------  P R O C E S S  ---------------

Threads class SMR info:
_java_thread_list=0x0000017c7b9d8380, length=37, elements={
0x0000017c60216730, 0x0000017c7409a030, 0x0000017c7409aaf0, 0x0000017c793cef10,
0x0000017c793cf7d0, 0x0000017c793d0830, 0x0000017c793d1890, 0x0000017c793df980,
0x0000017c793e3eb0, 0x0000017c793e43c0, 0x0000017c794e53c0, 0x0000017c79676590,
0x0000017c7b2d8ba0, 0x0000017c7b275fa0, 0x0000017c7b4713a0, 0x0000017c7b472630,
0x0000017c7b4fbcb0, 0x0000017c7b6ba260, 0x0000017c7b6bcdb0, 0x0000017c7b6bba70,
0x0000017c7b6bbf40, 0x0000017c7b6bc410, 0x0000017c7bd683e0, 0x0000017c7bd670a0,
0x0000017c7bd64a20, 0x0000017c7bd64080, 0x0000017c7edaaf90, 0x0000017c7e582c60,
0x0000017c7e583130, 0x0000017c7e584940, 0x0000017c7e580ab0, 0x0000017c7e583ad0,
0x0000017c7e57e900, 0x0000017c7bd65890, 0x0000017c7bd65d60, 0x0000017c7bd688b0,
0x0000017c7bd636e0
}

Java Threads: ( => current thread )
  0x0000017c60216730 JavaThread "main" [_thread_blocked, id=12384, stack(0x0000003e7c300000,0x0000003e7c400000)]
  0x0000017c7409a030 JavaThread "Reference Handler" daemon [_thread_blocked, id=2196, stack(0x0000003e7c600000,0x0000003e7c700000)]
  0x0000017c7409aaf0 JavaThread "Finalizer" daemon [_thread_blocked, id=20116, stack(0x0000003e7c700000,0x0000003e7c800000)]
  0x0000017c793cef10 JavaThread "Signal Dispatcher" daemon [_thread_blocked, id=15476, stack(0x0000003e7c800000,0x0000003e7c900000)]
  0x0000017c793cf7d0 JavaThread "Attach Listener" daemon [_thread_blocked, id=8652, stack(0x0000003e7c900000,0x0000003e7ca00000)]
  0x0000017c793d0830 JavaThread "Service Thread" daemon [_thread_blocked, id=15804, stack(0x0000003e7ca00000,0x0000003e7cb00000)]
  0x0000017c793d1890 JavaThread "Monitor Deflation Thread" daemon [_thread_blocked, id=10772, stack(0x0000003e7cb00000,0x0000003e7cc00000)]
  0x0000017c793df980 JavaThread "C2 CompilerThread0" daemon [_thread_blocked, id=19964, stack(0x0000003e7cc00000,0x0000003e7cd00000)]
  0x0000017c793e3eb0 JavaThread "C1 CompilerThread0" daemon [_thread_blocked, id=17848, stack(0x0000003e7cd00000,0x0000003e7ce00000)]
  0x0000017c793e43c0 JavaThread "Sweeper thread" daemon [_thread_blocked, id=10372, stack(0x0000003e7ce00000,0x0000003e7cf00000)]
  0x0000017c794e53c0 JavaThread "Common-Cleaner" daemon [_thread_blocked, id=15880, stack(0x0000003e7cf00000,0x0000003e7d000000)]
  0x0000017c79676590 JavaThread "Notification Thread" daemon [_thread_blocked, id=4728, stack(0x0000003e7d100000,0x0000003e7d200000)]
  0x0000017c7b2d8ba0 JavaThread "Active Thread: Equinox Container: 41c4ef7f-c6f5-4378-b9d1-3db76737250a" [_thread_blocked, id=6140, stack(0x0000003e7da00000,0x0000003e7db00000)]
  0x0000017c7b275fa0 JavaThread "Framework Event Dispatcher: Equinox Container: 41c4ef7f-c6f5-4378-b9d1-3db76737250a" daemon [_thread_blocked, id=15636, stack(0x0000003e7d300000,0x0000003e7d400000)]
  0x0000017c7b4713a0 JavaThread "Start Level: Equinox Container: 41c4ef7f-c6f5-4378-b9d1-3db76737250a" daemon [_thread_blocked, id=14660, stack(0x0000003e7db00000,0x0000003e7dc00000)]
  0x0000017c7b472630 JavaThread "SCR Component Actor" daemon [_thread_blocked, id=20040, stack(0x0000003e7dc00000,0x0000003e7dd00000)]
  0x0000017c7b4fbcb0 JavaThread "Worker-JM" [_thread_blocked, id=10032, stack(0x0000003e7d000000,0x0000003e7d100000)]
  0x0000017c7b6ba260 JavaThread "Java indexing" daemon [_thread_blocked, id=3288, stack(0x0000003e7e500000,0x0000003e7e600000)]
  0x0000017c7b6bcdb0 JavaThread "JNA Cleaner" daemon [_thread_blocked, id=9388, stack(0x0000003e7e600000,0x0000003e7e700000)]
  0x0000017c7b6bba70 JavaThread "pool-2-thread-1" [_thread_blocked, id=8916, stack(0x0000003e7ea00000,0x0000003e7eb00000)]
  0x0000017c7b6bbf40 JavaThread "WorkspaceEventsHandler" [_thread_blocked, id=12460, stack(0x0000003e7eb00000,0x0000003e7ec00000)]
  0x0000017c7b6bc410 JavaThread "pool-1-thread-1" [_thread_blocked, id=16128, stack(0x0000003e7ec00000,0x0000003e7ed00000)]
  0x0000017c7bd683e0 JavaThread "Bundle File Closer" daemon [_thread_blocked, id=11576, stack(0x0000003e7f000000,0x0000003e7f100000)]
  0x0000017c7bd670a0 JavaThread "Java Debug Server" daemon [_thread_in_native, id=10912, stack(0x0000003e00c00000,0x0000003e00d00000)]
  0x0000017c7bd64a20 JavaThread "RxSchedulerPurge-1" daemon [_thread_blocked, id=12492, stack(0x0000003e00e00000,0x0000003e00f00000)]
  0x0000017c7bd64080 JavaThread "RxCachedWorkerPoolEvictor-1" daemon [_thread_blocked, id=1040, stack(0x0000003e00f00000,0x0000003e01000000)]
  0x0000017c7edaaf90 JavaThread "Worker-59" [_thread_blocked, id=1416, stack(0x0000003e00400000,0x0000003e00500000)]
  0x0000017c7e582c60 JavaThread "Worker-61" [_thread_blocked, id=1440, stack(0x0000003e01520000,0x0000003e01620000)]
  0x0000017c7e583130 JavaThread "ForkJoinPool.commonPool-worker-42" daemon [_thread_blocked, id=14352, stack(0x0000003e00000000,0x0000003e00100000)]
  0x0000017c7e584940 JavaThread "ForkJoinPool.commonPool-worker-43" daemon [_thread_blocked, id=16324, stack(0x0000003e00200000,0x0000003e00300000)]
  0x0000017c7e580ab0 JavaThread "ForkJoinPool.commonPool-worker-44" daemon [_thread_blocked, id=5448, stack(0x0000003e00100000,0x0000003e00200000)]
  0x0000017c7e583ad0 JavaThread "ForkJoinPool.commonPool-worker-45" daemon [_thread_blocked, id=13224, stack(0x0000003e00300000,0x0000003e00400000)]
  0x0000017c7e57e900 JavaThread "ForkJoinPool.commonPool-worker-46" daemon [_thread_blocked, id=14424, stack(0x0000003e00500000,0x0000003e00600000)]
  0x0000017c7bd65890 JavaThread "ForkJoinPool.commonPool-worker-47" daemon [_thread_blocked, id=1252, stack(0x0000003e00600000,0x0000003e00700000)]
  0x0000017c7bd65d60 JavaThread "ForkJoinPool.commonPool-worker-48" daemon [_thread_blocked, id=14000, stack(0x0000003e00700000,0x0000003e00800000)]
  0x0000017c7bd688b0 JavaThread "ForkJoinPool.commonPool-worker-49" daemon [_thread_blocked, id=8760, stack(0x0000003e00800000,0x0000003e00900000)]
  0x0000017c7bd636e0 JavaThread "ForkJoinPool.commonPool-worker-50" daemon [_thread_blocked, id=21092, stack(0x0000003e00900000,0x0000003e00a00000)]

Other Threads:
  0x0000017c793a1fd0 VMThread "VM Thread" [stack: 0x0000003e7c500000,0x0000003e7c600000] [id=2464]
  0x0000017c7a953b50 WatcherThread [stack: 0x0000003e7d200000,0x0000003e7d300000] [id=14408]
  0x0000017c6022b330 GCTaskThread "GC Thread#0" [stack: 0x0000003e7c400000,0x0000003e7c500000] [id=20460]
  0x0000017c7adb6cd0 GCTaskThread "GC Thread#1" [stack: 0x0000003e7d400000,0x0000003e7d500000] [id=14664]
  0x0000017c7aac8370 GCTaskThread "GC Thread#2" [stack: 0x0000003e7d500000,0x0000003e7d600000] [id=18892]
  0x0000017c7ab85c50 GCTaskThread "GC Thread#3" [stack: 0x0000003e7d600000,0x0000003e7d700000] [id=2768]
  0x0000017c7ab86720 GCTaskThread "GC Thread#4" [stack: 0x0000003e7d700000,0x0000003e7d800000] [id=7440]
  0x0000017c7afaf250 GCTaskThread "GC Thread#5" [stack: 0x0000003e7d800000,0x0000003e7d900000] [id=11796]
=>0x0000017c7afaf610 GCTaskThread "GC Thread#6" [stack: 0x0000003e7d900000,0x0000003e7da00000] [id=19684]
  0x0000017c7b4125b0 GCTaskThread "GC Thread#7" [stack: 0x0000003e7dd00000,0x0000003e7de00000] [id=10444]
  0x0000017c7b6c0d20 GCTaskThread "GC Thread#8" [stack: 0x0000003e7e000000,0x0000003e7e100000] [id=19248]
  0x0000017c7b35c150 GCTaskThread "GC Thread#9" [stack: 0x0000003e7e100000,0x0000003e7e200000] [id=19180]

Threads with active compile tasks:

VM state: at safepoint (normal execution)

VM Mutex/Monitor currently owned by a thread:  ([mutex/lock_event])
[0x0000017c60212b20] Threads_lock - owner thread: 0x0000017c793a1fd0
[0x0000017c60213540] Heap_lock - owner thread: 0x0000017c7bd636e0

Heap address: 0x00000000c0000000, size: 1024 MB, Compressed Oops mode: 32-bit

CDS archive(s) not mapped
Compressed class space mapped at: 0x0000000100000000-0x0000000140000000, reserved size: 1073741824
Narrow klass base: 0x0000000000000000, Narrow klass shift: 3, Narrow klass range: 0x140000000

GC Precious Log:
 CPUs: 12 total, 12 available
 Memory: 16059M
 Large Page Support: Disabled
 NUMA Support: Disabled
 Compressed Oops: Enabled (32-bit)
 Alignments: Space 512K, Generation 512K, Heap 2M
 Heap Min Capacity: 100M
 Heap Initial Capacity: 100M
 Heap Max Capacity: 1G
 Pre-touch: Disabled
 Parallel Workers: 10

Heap:
 PSYoungGen      total 11264K, used 2558K [0x00000000eab00000, 0x00000000ec080000, 0x0000000100000000)
  eden space 8704K, 0% used [0x00000000eab00000,0x00000000eab00000,0x00000000eb380000)
  from space 2560K, 99% used [0x00000000eb380000,0x00000000eb5ffa40,0x00000000eb600000)
  to   space 6656K, 0% used [0x00000000eba00000,0x00000000eba00000,0x00000000ec080000)
 ParOldGen       total 160768K, used 159015K [0x00000000c0000000, 0x00000000c9d00000, 0x00000000eab00000)
  object space 160768K, 98% used [0x00000000c0000000,0x00000000c9b49fb0,0x00000000c9d00000)
 Metaspace       used 97821K, committed 99008K, reserved 1179648K
  class space    used 9756K, committed 10304K, reserved 1048576K

Card table byte_map: [0x0000017c5fbc0000,0x0000017c5fdd0000] _byte_map_base: 0x0000017c5f5c0000

Marking Bits: (ParMarkBitMap*) 0x00007ffd125552c0
 Begin Bits: [0x0000017c71ea0000, 0x0000017c72ea0000)
 End Bits:   [0x0000017c72ea0000, 0x0000017c73ea0000)

Polling page: 0x0000017c5dd10000

Metaspace:

Usage:
  Non-class:     86.00 MB used.
      Class:      9.53 MB used.
       Both:     95.53 MB used.

Virtual space:
  Non-class space:      128.00 MB reserved,      86.62 MB ( 68%) committed,  2 nodes.
      Class space:        1.00 GB reserved,      10.06 MB ( <1%) committed,  1 nodes.
             Both:        1.12 GB reserved,      96.69 MB (  8%) committed. 

Chunk freelists:
   Non-Class:  9.32 MB
       Class:  5.89 MB
        Both:  15.21 MB

MaxMetaspaceSize: unlimited
CompressedClassSpaceSize: 1.00 GB
Initial GC threshold: 21.00 MB
Current GC threshold: 160.94 MB
CDS: off
MetaspaceReclaimPolicy: balanced
 - commit_granule_bytes: 65536.
 - commit_granule_words: 8192.
 - virtual_space_node_default_size: 8388608.
 - enlarge_chunks_in_place: 1.
 - new_chunks_are_fully_committed: 0.
 - uncommit_free_chunks: 1.
 - use_allocation_guard: 0.
 - handle_deallocations: 1.


Internal statistics:

num_allocs_failed_limit: 11.
num_arena_births: 1244.
num_arena_deaths: 442.
num_vsnodes_births: 3.
num_vsnodes_deaths: 0.
num_space_committed: 1547.
num_space_uncommitted: 0.
num_chunks_returned_to_freelist: 579.
num_chunks_taken_from_freelist: 5688.
num_chunk_merges: 178.
num_chunk_splits: 3258.
num_chunks_enlarged: 1782.
num_inconsistent_stats: 0.

CodeHeap 'non-profiled nmethods': size=120000Kb used=28049Kb max_used=29098Kb free=91951Kb
 bounds [0x0000017c6a970000, 0x0000017c6c5e0000, 0x0000017c71ea0000]
CodeHeap 'profiled nmethods': size=120000Kb used=38788Kb max_used=40045Kb free=81211Kb
 bounds [0x0000017c62ea0000, 0x0000017c655d0000, 0x0000017c6a3d0000]
CodeHeap 'non-nmethods': size=5760Kb used=1451Kb max_used=1530Kb free=4308Kb
 bounds [0x0000017c6a3d0000, 0x0000017c6a640000, 0x0000017c6a970000]
 total_blobs=20754 nmethods=19949 adapters=712
 compilation: enabled
              stopped_count=0, restarted_count=0
 full_count=0

Compilation events (20 events):
Event: 16594.549 Thread 0x0000017c793df980 nmethod 28566 0x0000017c6b83d510 code [0x0000017c6b83d6c0, 0x0000017c6b83daf8]
Event: 16594.550 Thread 0x0000017c793e3eb0 nmethod 28569 0x0000017c640cda90 code [0x0000017c640ce040, 0x0000017c640d17c8]
Event: 17148.868 Thread 0x0000017c793e3eb0 28570       3       java.lang.Enum::compareTo (44 bytes)
Event: 17148.868 Thread 0x0000017c793e3eb0 nmethod 28570 0x0000017c64491690 code [0x0000017c64491880, 0x0000017c64491d68]
Event: 17149.391 Thread 0x0000017c793e3eb0 28571       3       org.eclipse.jdt.internal.codeassist.select.SelectionParser::consumeMethodInvocationName (316 bytes)
Event: 17149.392 Thread 0x0000017c793e3eb0 nmethod 28571 0x0000017c643e2790 code [0x0000017c643e2a80, 0x0000017c643e3e78]
Event: 17149.575 Thread 0x0000017c793df980 28572       4       org.eclipse.jdt.internal.compiler.parser.Parser::consumeMemberValuePair (131 bytes)
Event: 17149.576 Thread 0x0000017c793e3eb0 28573   !   3       org.eclipse.jdt.internal.core.SelectionRequestor::resolveType (431 bytes)
Event: 17149.578 Thread 0x0000017c793e3eb0 nmethod 28573 0x0000017c64689010 code [0x0000017c64689460, 0x0000017c6468bc08]
Event: 17149.579 Thread 0x0000017c793df980 nmethod 28572 0x0000017c6bc87990 code [0x0000017c6bc87b40, 0x0000017c6bc880f8]
Event: 17149.580 Thread 0x0000017c793e3eb0 28574       3       org.eclipse.jdt.internal.core.search.matching.JavaSearchNameEnvironment::isModularProject (37 bytes)
Event: 17149.580 Thread 0x0000017c793e3eb0 nmethod 28574 0x0000017c6318ec90 code [0x0000017c6318ee60, 0x0000017c6318f2f8]
Event: 17149.630 Thread 0x0000017c793df980 28575       4       org.eclipse.jdt.internal.compiler.classfmt.AnnotationMethodInfo::createAnnotationMethod (578 bytes)
Event: 17149.650 Thread 0x0000017c793df980 nmethod 28575 0x0000017c6c03ea90 code [0x0000017c6c03ece0, 0x0000017c6c040c60]
Event: 17149.650 Thread 0x0000017c793df980 28576   !   4       java.util.zip.Inflater::getBytesWritten (23 bytes)
Event: 17149.651 Thread 0x0000017c793df980 nmethod 28576 0x0000017c6c3b5410 code [0x0000017c6c3b5580, 0x0000017c6c3b57d8]
Event: 17150.554 Thread 0x0000017c793df980 28577       4       org.eclipse.jface.text.AbstractDocument::addPositionCategory (50 bytes)
Event: 17150.574 Thread 0x0000017c793df980 nmethod 28577 0x0000017c6c36d690 code [0x0000017c6c36d940, 0x0000017c6c36f6a0]
Event: 17150.644 Thread 0x0000017c793e3eb0 28578       3       org.eclipse.jdt.internal.core.Buffer::notifyChanged (52 bytes)
Event: 17150.644 Thread 0x0000017c793e3eb0 nmethod 28578 0x0000017c63d98710 code [0x0000017c63d989e0, 0x0000017c63d99968]

GC Heap History (20 events):
Event: 17149.387 GC heap after
{Heap after GC invocations=16237 (full 415):
 PSYoungGen      total 9728K, used 1006K [0x00000000eab00000, 0x00000000eb900000, 0x0000000100000000)
  eden space 8704K, 0% used [0x00000000eab00000,0x00000000eab00000,0x00000000eb380000)
  from space 1024K, 98% used [0x00000000eb800000,0x00000000eb8fbb00,0x00000000eb900000)
  to   space 2048K, 0% used [0x00000000eb500000,0x00000000eb500000,0x00000000eb700000)
 ParOldGen       total 160768K, used 152407K [0x00000000c0000000, 0x00000000c9d00000, 0x00000000eab00000)
  object space 160768K, 94% used [0x00000000c0000000,0x00000000c94d5e10,0x00000000c9d00000)
 Metaspace       used 97818K, committed 99008K, reserved 1179648K
  class space    used 9756K, committed 10304K, reserved 1048576K
}
Event: 17149.598 GC heap before
{Heap before GC invocations=16238 (full 415):
 PSYoungGen      total 9728K, used 9388K [0x00000000eab00000, 0x00000000eb900000, 0x0000000100000000)
  eden space 8704K, 96% used [0x00000000eab00000,0x00000000eb32f588,0x00000000eb380000)
  from space 1024K, 98% used [0x00000000eb800000,0x00000000eb8fbb00,0x00000000eb900000)
  to   space 2048K, 0% used [0x00000000eb500000,0x00000000eb500000,0x00000000eb700000)
 ParOldGen       total 160768K, used 152407K [0x00000000c0000000, 0x00000000c9d00000, 0x00000000eab00000)
  object space 160768K, 94% used [0x00000000c0000000,0x00000000c94d5e10,0x00000000c9d00000)
 Metaspace       used 97821K, committed 99008K, reserved 1179648K
  class space    used 9756K, committed 10304K, reserved 1048576K
}
Event: 17149.599 GC heap after
{Heap after GC invocations=16238 (full 415):
 PSYoungGen      total 10752K, used 2033K [0x00000000eab00000, 0x00000000eba80000, 0x0000000100000000)
  eden space 8704K, 0% used [0x00000000eab00000,0x00000000eab00000,0x00000000eb380000)
  from space 2048K, 99% used [0x00000000eb500000,0x00000000eb6fc438,0x00000000eb700000)
  to   space 3584K, 0% used [0x00000000eb700000,0x00000000eb700000,0x00000000eba80000)
 ParOldGen       total 160768K, used 153286K [0x00000000c0000000, 0x00000000c9d00000, 0x00000000eab00000)
  object space 160768K, 95% used [0x00000000c0000000,0x00000000c95b1810,0x00000000c9d00000)
 Metaspace       used 97821K, committed 99008K, reserved 1179648K
  class space    used 9756K, committed 10304K, reserved 1048576K
}
Event: 17149.642 GC heap before
{Heap before GC invocations=16239 (full 415):
 PSYoungGen      total 10752K, used 10737K [0x00000000eab00000, 0x00000000eba80000, 0x0000000100000000)
  eden space 8704K, 100% used [0x00000000eab00000,0x00000000eb380000,0x00000000eb380000)
  from space 2048K, 99% used [0x00000000eb500000,0x00000000eb6fc438,0x00000000eb700000)
  to   space 3584K, 0% used [0x00000000eb700000,0x00000000eb700000,0x00000000eba80000)
 ParOldGen       total 160768K, used 153286K [0x00000000c0000000, 0x00000000c9d00000, 0x00000000eab00000)
  object space 160768K, 95% used [0x00000000c0000000,0x00000000c95b1810,0x00000000c9d00000)
 Metaspace       used 97821K, committed 99008K, reserved 1179648K
  class space    used 9756K, committed 10304K, reserved 1048576K
}
Event: 17149.642 GC heap after
{Heap after GC invocations=16239 (full 415):
 PSYoungGen      total 9728K, used 788K [0x00000000eab00000, 0x00000000eb800000, 0x0000000100000000)
  eden space 8704K, 0% used [0x00000000eab00000,0x00000000eab00000,0x00000000eb380000)
  from space 1024K, 77% used [0x00000000eb700000,0x00000000eb7c5200,0x00000000eb800000)
  to   space 2048K, 0% used [0x00000000eb400000,0x00000000eb400000,0x00000000eb600000)
 ParOldGen       total 160768K, used 153366K [0x00000000c0000000, 0x00000000c9d00000, 0x00000000eab00000)
  object space 160768K, 95% used [0x00000000c0000000,0x00000000c95c5810,0x00000000c9d00000)
 Metaspace       used 97821K, committed 99008K, reserved 1179648K
  class space    used 9756K, committed 10304K, reserved 1048576K
}
Event: 17150.116 GC heap before
{Heap before GC invocations=16240 (full 415):
 PSYoungGen      total 9728K, used 9492K [0x00000000eab00000, 0x00000000eb800000, 0x0000000100000000)
  eden space 8704K, 100% used [0x00000000eab00000,0x00000000eb380000,0x00000000eb380000)
  from space 1024K, 77% used [0x00000000eb700000,0x00000000eb7c5200,0x00000000eb800000)
  to   space 2048K, 0% used [0x00000000eb400000,0x00000000eb400000,0x00000000eb600000)
 ParOldGen       total 160768K, used 153366K [0x00000000c0000000, 0x00000000c9d00000, 0x00000000eab00000)
  object space 160768K, 95% used [0x00000000c0000000,0x00000000c95c5810,0x00000000c9d00000)
 Metaspace       used 97821K, committed 99008K, reserved 1179648K
  class space    used 9756K, committed 10304K, reserved 1048576K
}
Event: 17150.117 GC heap after
{Heap after GC invocations=16240 (full 415):
 PSYoungGen      total 10752K, used 730K [0x00000000eab00000, 0x00000000eb780000, 0x0000000100000000)
  eden space 8704K, 0% used [0x00000000eab00000,0x00000000eab00000,0x00000000eb380000)
  from space 2048K, 35% used [0x00000000eb400000,0x00000000eb4b6900,0x00000000eb600000)
  to   space 1024K, 0% used [0x00000000eb680000,0x00000000eb680000,0x00000000eb780000)
 ParOldGen       total 160768K, used 153366K [0x00000000c0000000, 0x00000000c9d00000, 0x00000000eab00000)
  object space 160768K, 95% used [0x00000000c0000000,0x00000000c95c5810,0x00000000c9d00000)
 Metaspace       used 97821K, committed 99008K, reserved 1179648K
  class space    used 9756K, committed 10304K, reserved 1048576K
}
Event: 17150.613 GC heap before
{Heap before GC invocations=16241 (full 415):
 PSYoungGen      total 10752K, used 9434K [0x00000000eab00000, 0x00000000eb780000, 0x0000000100000000)
  eden space 8704K, 100% used [0x00000000eab00000,0x00000000eb380000,0x00000000eb380000)
  from space 2048K, 35% used [0x00000000eb400000,0x00000000eb4b6900,0x00000000eb600000)
  to   space 1024K, 0% used [0x00000000eb680000,0x00000000eb680000,0x00000000eb780000)
 ParOldGen       total 160768K, used 153366K [0x00000000c0000000, 0x00000000c9d00000, 0x00000000eab00000)
  object space 160768K, 95% used [0x00000000c0000000,0x00000000c95c5810,0x00000000c9d00000)
 Metaspace       used 97821K, committed 99008K, reserved 1179648K
  class space    used 9756K, committed 10304K, reserved 1048576K
}
Event: 17150.614 GC heap after
{Heap after GC invocations=16241 (full 415):
 PSYoungGen      total 9728K, used 762K [0x00000000eab00000, 0x00000000eb780000, 0x0000000100000000)
  eden space 8704K, 0% used [0x00000000eab00000,0x00000000eab00000,0x00000000eb380000)
  from space 1024K, 74% used [0x00000000eb680000,0x00000000eb73e900,0x00000000eb780000)
  to   space 1024K, 0% used [0x00000000eb580000,0x00000000eb580000,0x00000000eb680000)
 ParOldGen       total 160768K, used 153366K [0x00000000c0000000, 0x00000000c9d00000, 0x00000000eab00000)
  object space 160768K, 95% used [0x00000000c0000000,0x00000000c95c5810,0x00000000c9d00000)
 Metaspace       used 97821K, committed 99008K, reserved 1179648K
  class space    used 9756K, committed 10304K, reserved 1048576K
}
Event: 17152.776 GC heap before
{Heap before GC invocations=16242 (full 415):
 PSYoungGen      total 9728K, used 9466K [0x00000000eab00000, 0x00000000eb780000, 0x0000000100000000)
  eden space 8704K, 100% used [0x00000000eab00000,0x00000000eb380000,0x00000000eb380000)
  from space 1024K, 74% used [0x00000000eb680000,0x00000000eb73e900,0x00000000eb780000)
  to   space 1024K, 0% used [0x00000000eb580000,0x00000000eb580000,0x00000000eb680000)
 ParOldGen       total 160768K, used 153366K [0x00000000c0000000, 0x00000000c9d00000, 0x00000000eab00000)
  object space 160768K, 95% used [0x00000000c0000000,0x00000000c95c5810,0x00000000c9d00000)
 Metaspace       used 97821K, committed 99008K, reserved 1179648K
  class space    used 9756K, committed 10304K, reserved 1048576K
}
Event: 17152.777 GC heap after
{Heap after GC invocations=16242 (full 415):
 PSYoungGen      total 9728K, used 766K [0x00000000eab00000, 0x00000000eb700000, 0x0000000100000000)
  eden space 8704K, 0% used [0x00000000eab00000,0x00000000eab00000,0x00000000eb380000)
  from space 1024K, 74% used [0x00000000eb580000,0x00000000eb63fa40,0x00000000eb680000)
  to   space 512K, 0% used [0x00000000eb680000,0x00000000eb680000,0x00000000eb700000)
 ParOldGen       total 160768K, used 153366K [0x00000000c0000000, 0x00000000c9d00000, 0x00000000eab00000)
  object space 160768K, 95% used [0x00000000c0000000,0x00000000c95c5810,0x00000000c9d00000)
 Metaspace       used 97821K, committed 99008K, reserved 1179648K
  class space    used 9756K, committed 10304K, reserved 1048576K
}
Event: 17153.830 GC heap before
{Heap before GC invocations=16243 (full 415):
 PSYoungGen      total 9728K, used 9406K [0x00000000eab00000, 0x00000000eb700000, 0x0000000100000000)
  eden space 8704K, 99% used [0x00000000eab00000,0x00000000eb36feb8,0x00000000eb380000)
  from space 1024K, 74% used [0x00000000eb580000,0x00000000eb63fa40,0x00000000eb680000)
  to   space 512K, 0% used [0x00000000eb680000,0x00000000eb680000,0x00000000eb700000)
 ParOldGen       total 160768K, used 153366K [0x00000000c0000000, 0x00000000c9d00000, 0x00000000eab00000)
  object space 160768K, 95% used [0x00000000c0000000,0x00000000c95c5810,0x00000000c9d00000)
 Metaspace       used 97821K, committed 99008K, reserved 1179648K
  class space    used 9756K, committed 10304K, reserved 1048576K
}
Event: 17153.831 GC heap after
{Heap after GC invocations=16243 (full 415):
 PSYoungGen      total 9216K, used 506K [0x00000000eab00000, 0x00000000eb700000, 0x0000000100000000)
  eden space 8704K, 0% used [0x00000000eab00000,0x00000000eab00000,0x00000000eb380000)
  from space 512K, 98% used [0x00000000eb680000,0x00000000eb6fe900,0x00000000eb700000)
  to   space 1024K, 0% used [0x00000000eb500000,0x00000000eb500000,0x00000000eb600000)
 ParOldGen       total 160768K, used 153510K [0x00000000c0000000, 0x00000000c9d00000, 0x00000000eab00000)
  object space 160768K, 95% used [0x00000000c0000000,0x00000000c95e9810,0x00000000c9d00000)
 Metaspace       used 97821K, committed 99008K, reserved 1179648K
  class space    used 9756K, committed 10304K, reserved 1048576K
}
Event: 17155.075 GC heap before
{Heap before GC invocations=16244 (full 415):
 PSYoungGen      total 9216K, used 9210K [0x00000000eab00000, 0x00000000eb700000, 0x0000000100000000)
  eden space 8704K, 100% used [0x00000000eab00000,0x00000000eb380000,0x00000000eb380000)
  from space 512K, 98% used [0x00000000eb680000,0x00000000eb6fe900,0x00000000eb700000)
  to   space 1024K, 0% used [0x00000000eb500000,0x00000000eb500000,0x00000000eb600000)
 ParOldGen       total 160768K, used 153510K [0x00000000c0000000, 0x00000000c9d00000, 0x00000000eab00000)
  object space 160768K, 95% used [0x00000000c0000000,0x00000000c95e9810,0x00000000c9d00000)
 Metaspace       used 97821K, committed 99008K, reserved 1179648K
  class space    used 9756K, committed 10304K, reserved 1048576K
}
Event: 17155.076 GC heap after
{Heap after GC invocations=16244 (full 415):
 PSYoungGen      total 9728K, used 414K [0x00000000eab00000, 0x00000000eb700000, 0x0000000100000000)
  eden space 8704K, 0% used [0x00000000eab00000,0x00000000eab00000,0x00000000eb380000)
  from space 1024K, 40% used [0x00000000eb500000,0x00000000eb567a40,0x00000000eb600000)
  to   space 512K, 0% used [0x00000000eb680000,0x00000000eb680000,0x00000000eb700000)
 ParOldGen       total 160768K, used 153970K [0x00000000c0000000, 0x00000000c9d00000, 0x00000000eab00000)
  object space 160768K, 95% used [0x00000000c0000000,0x00000000c965ca10,0x00000000c9d00000)
 Metaspace       used 97821K, committed 99008K, reserved 1179648K
  class space    used 9756K, committed 10304K, reserved 1048576K
}
Event: 17155.089 GC heap before
{Heap before GC invocations=16245 (full 415):
 PSYoungGen      total 9728K, used 9118K [0x00000000eab00000, 0x00000000eb700000, 0x0000000100000000)
  eden space 8704K, 100% used [0x00000000eab00000,0x00000000eb380000,0x00000000eb380000)
  from space 1024K, 40% used [0x00000000eb500000,0x00000000eb567a40,0x00000000eb600000)
  to   space 512K, 0% used [0x00000000eb680000,0x00000000eb680000,0x00000000eb700000)
 ParOldGen       total 160768K, used 153970K [0x00000000c0000000, 0x00000000c9d00000, 0x00000000eab00000)
  object space 160768K, 95% used [0x00000000c0000000,0x00000000c965ca10,0x00000000c9d00000)
 Metaspace       used 97821K, committed 99008K, reserved 1179648K
  class space    used 9756K, committed 10304K, reserved 1048576K
}
Event: 17155.090 GC heap after
{Heap after GC invocations=16245 (full 415):
 PSYoungGen      total 9216K, used 509K [0x00000000eab00000, 0x00000000eb880000, 0x0000000100000000)
  eden space 8704K, 0% used [0x00000000eab00000,0x00000000eab00000,0x00000000eb380000)
  from space 512K, 99% used [0x00000000eb680000,0x00000000eb6ff620,0x00000000eb700000)
  to   space 2560K, 0% used [0x00000000eb380000,0x00000000eb380000,0x00000000eb600000)
 ParOldGen       total 160768K, used 155639K [0x00000000c0000000, 0x00000000c9d00000, 0x00000000eab00000)
  object space 160768K, 96% used [0x00000000c0000000,0x00000000c97fdfb0,0x00000000c9d00000)
 Metaspace       used 97821K, committed 99008K, reserved 1179648K
  class space    used 9756K, committed 10304K, reserved 1048576K
}
Event: 17155.100 GC heap before
{Heap before GC invocations=16246 (full 415):
 PSYoungGen      total 9216K, used 9213K [0x00000000eab00000, 0x00000000eb880000, 0x0000000100000000)
  eden space 8704K, 100% used [0x00000000eab00000,0x00000000eb380000,0x00000000eb380000)
  from space 512K, 99% used [0x00000000eb680000,0x00000000eb6ff620,0x00000000eb700000)
  to   space 2560K, 0% used [0x00000000eb380000,0x00000000eb380000,0x00000000eb600000)
 ParOldGen       total 160768K, used 155639K [0x00000000c0000000, 0x00000000c9d00000, 0x00000000eab00000)
  object space 160768K, 96% used [0x00000000c0000000,0x00000000c97fdfb0,0x00000000c9d00000)
 Metaspace       used 97821K, committed 99008K, reserved 1179648K
  class space    used 9756K, committed 10304K, reserved 1048576K
}
Event: 17155.102 GC heap after
{Heap after GC invocations=16246 (full 415):
 PSYoungGen      total 11264K, used 2558K [0x00000000eab00000, 0x00000000ec080000, 0x0000000100000000)
  eden space 8704K, 0% used [0x00000000eab00000,0x00000000eab00000,0x00000000eb380000)
  from space 2560K, 99% used [0x00000000eb380000,0x00000000eb5ffa40,0x00000000eb600000)
  to   space 6656K, 0% used [0x00000000eba00000,0x00000000eba00000,0x00000000ec080000)
 ParOldGen       total 160768K, used 159015K [0x00000000c0000000, 0x00000000c9d00000, 0x00000000eab00000)
  object space 160768K, 98% used [0x00000000c0000000,0x00000000c9b49fb0,0x00000000c9d00000)
 Metaspace       used 97821K, committed 99008K, reserved 1179648K
  class space    used 9756K, committed 10304K, reserved 1048576K
}
Event: 17155.102 GC heap before
{Heap before GC invocations=16247 (full 416):
 PSYoungGen      total 11264K, used 2558K [0x00000000eab00000, 0x00000000ec080000, 0x0000000100000000)
  eden space 8704K, 0% used [0x00000000eab00000,0x00000000eab00000,0x00000000eb380000)
  from space 2560K, 99% used [0x00000000eb380000,0x00000000eb5ffa40,0x00000000eb600000)
  to   space 6656K, 0% used [0x00000000eba00000,0x00000000eba00000,0x00000000ec080000)
 ParOldGen       total 160768K, used 159015K [0x00000000c0000000, 0x00000000c9d00000, 0x00000000eab00000)
  object space 160768K, 98% used [0x00000000c0000000,0x00000000c9b49fb0,0x00000000c9d00000)
 Metaspace       used 97821K, committed 99008K, reserved 1179648K
  class space    used 9756K, committed 10304K, reserved 1048576K
}

Dll operation events (11 events):
Event: 0.011 Loaded shared library d:\Users\yogendra6260\.vscode\extensions\redhat.java-1.19.0-win32-x64\jre\17.0.7-win32-x86_64\bin\java.dll
Event: 0.111 Loaded shared library d:\Users\yogendra6260\.vscode\extensions\redhat.java-1.19.0-win32-x64\jre\17.0.7-win32-x86_64\bin\zip.dll
Event: 0.116 Loaded shared library D:\Users\yogendra6260\.vscode\extensions\redhat.java-1.19.0-win32-x64\jre\17.0.7-win32-x86_64\bin\instrument.dll
Event: 0.127 Loaded shared library D:\Users\yogendra6260\.vscode\extensions\redhat.java-1.19.0-win32-x64\jre\17.0.7-win32-x86_64\bin\net.dll
Event: 0.132 Loaded shared library D:\Users\yogendra6260\.vscode\extensions\redhat.java-1.19.0-win32-x64\jre\17.0.7-win32-x86_64\bin\nio.dll
Event: 0.139 Loaded shared library D:\Users\yogendra6260\.vscode\extensions\redhat.java-1.19.0-win32-x64\jre\17.0.7-win32-x86_64\bin\zip.dll
Event: 0.151 Loaded shared library D:\Users\yogendra6260\.vscode\extensions\redhat.java-1.19.0-win32-x64\jre\17.0.7-win32-x86_64\bin\jimage.dll
Event: 0.212 Loaded shared library d:\Users\yogendra6260\.vscode\extensions\redhat.java-1.19.0-win32-x64\jre\17.0.7-win32-x86_64\bin\verify.dll
Event: 1.961 Loaded shared library D:\Users\yogendra6260\AppData\Roaming\Code\User\globalStorage\redhat.java\1.19.0\config_win\org.eclipse.equinox.launcher\org.eclipse.equinox.launcher.win32.win32.x86_64_1.2.700.v20221108-1024\eclipse_11801.dll
Event: 3.672 Loaded shared library D:\Users\yogendra6260\AppData\Local\Temp\jna-257299663\jna17917668433734679503.dll
Event: 10.484 Loaded shared library D:\Users\yogendra6260\.vscode\extensions\redhat.java-1.19.0-win32-x64\jre\17.0.7-win32-x86_64\bin\sunmscapi.dll

Deoptimization events (20 events):
Event: 11403.457 Thread 0x0000017c7c0d0820 DEOPT PACKING pc=0x0000017c6c48a550 sp=0x0000003e006fec10
Event: 11403.457 Thread 0x0000017c7b6bac00 DEOPT UNPACKING pc=0x0000017c6a4266a3 sp=0x0000003e001fe718 mode 2
Event: 11403.457 Thread 0x0000017c7bd64ef0 DEOPT UNPACKING pc=0x0000017c6a4266a3 sp=0x0000003e00dfe458 mode 2
Event: 11403.457 Thread 0x0000017c7c0d0820 DEOPT UNPACKING pc=0x0000017c6a4266a3 sp=0x0000003e006feba8 mode 2
Event: 11403.658 Thread 0x0000017c7e57e900 Uncommon trap: trap_request=0xffffffde fr.pc=0x0000017c6b8323ec relative=0x0000000000001a8c
Event: 11403.658 Thread 0x0000017c7e57e900 Uncommon trap: reason=class_check action=maybe_recompile pc=0x0000017c6b8323ec method=org.eclipse.jdt.internal.compiler.lookup.ReferenceBinding.readableName(Z)[C @ 8 c2
Event: 11403.658 Thread 0x0000017c7e57e900 DEOPT PACKING pc=0x0000017c6b8323ec sp=0x0000003e0171f450
Event: 11403.658 Thread 0x0000017c7e57e900 DEOPT UNPACKING pc=0x0000017c6a4266a3 sp=0x0000003e0171f428 mode 2
Event: 11403.666 Thread 0x0000017c7bd65d60 Uncommon trap: trap_request=0xffffff6e fr.pc=0x0000017c6c5bb2b0 relative=0x0000000000000290
Event: 11403.666 Thread 0x0000017c7bd65d60 Uncommon trap: reason=loop_limit_check action=maybe_recompile pc=0x0000017c6c5bb2b0 method=org.codehaus.plexus.util.xml.Xpp3Dom.getChild(Ljava/lang/String;)Lorg/codehaus/plexus/util/xml/Xpp3Dom; @ 29 c2
Event: 11403.666 Thread 0x0000017c7bd65d60 DEOPT PACKING pc=0x0000017c6c5bb2b0 sp=0x0000003e009fe440
Event: 11403.666 Thread 0x0000017c7bd65d60 DEOPT UNPACKING pc=0x0000017c6a4266a3 sp=0x0000003e009fe400 mode 2
Event: 11403.832 Thread 0x0000017c7c0d3370 Uncommon trap: trap_request=0xffffffcc fr.pc=0x0000017c6ba5d824 relative=0x0000000000000a24
Event: 11403.832 Thread 0x0000017c7c0d3370 Uncommon trap: reason=intrinsic_or_type_checked_inlining action=make_not_entrant pc=0x0000017c6ba5d824 method=org.eclipse.jdt.internal.compiler.parser.Parser.consumeNormalAnnotation(Z)V @ 92 c2
Event: 11403.832 Thread 0x0000017c7c0d3370 DEOPT PACKING pc=0x0000017c6ba5d824 sp=0x0000003e00bfd9c0
Event: 11403.832 Thread 0x0000017c7c0d3370 DEOPT UNPACKING pc=0x0000017c6a4266a3 sp=0x0000003e00bfd960 mode 2
Event: 14679.334 Thread 0x0000017c7edaaf90 Uncommon trap: trap_request=0xffffff45 fr.pc=0x0000017c6bd74470 relative=0x00000000000010f0
Event: 14679.334 Thread 0x0000017c7edaaf90 Uncommon trap: reason=unstable_if action=reinterpret pc=0x0000017c6bd74470 method=java.util.concurrent.atomic.AtomicLong.updateAndGet(Ljava/util/function/LongUnaryOperator;)J @ 32 c2
Event: 14679.334 Thread 0x0000017c7edaaf90 DEOPT PACKING pc=0x0000017c6bd74470 sp=0x0000003e004ff220
Event: 14679.334 Thread 0x0000017c7edaaf90 DEOPT UNPACKING pc=0x0000017c6a4266a3 sp=0x0000003e004ff0f0 mode 2

Classes unloaded (20 events):
Event: 9920.147 Thread 0x0000017c793a1fd0 Unloading class 0x00000001002a2c00 'jdk/internal/reflect/GeneratedSerializationConstructorAccessor18'
Event: 9920.147 Thread 0x0000017c793a1fd0 Unloading class 0x00000001002a2800 'jdk/internal/reflect/GeneratedSerializationConstructorAccessor17'
Event: 9920.147 Thread 0x0000017c793a1fd0 Unloading class 0x00000001002a2400 'jdk/internal/reflect/GeneratedSerializationConstructorAccessor16'
Event: 9920.147 Thread 0x0000017c793a1fd0 Unloading class 0x00000001002a2000 'jdk/internal/reflect/GeneratedSerializationConstructorAccessor15'
Event: 9920.147 Thread 0x0000017c793a1fd0 Unloading class 0x00000001002a1c00 'jdk/internal/reflect/GeneratedSerializationConstructorAccessor14'
Event: 9920.147 Thread 0x0000017c793a1fd0 Unloading class 0x000000010029fc00 'java/lang/invoke/LambdaForm$MH+0x000000010029fc00'
Event: 9920.147 Thread 0x0000017c793a1fd0 Unloading class 0x000000010029ec00 'jdk/internal/reflect/GeneratedSerializationConstructorAccessor13'
Event: 9920.147 Thread 0x0000017c793a1fd0 Unloading class 0x000000010029e800 'jdk/internal/reflect/GeneratedSerializationConstructorAccessor12'
Event: 9920.147 Thread 0x0000017c793a1fd0 Unloading class 0x000000010029c800 'java/lang/invoke/LambdaForm$MH+0x000000010029c800'
Event: 9920.147 Thread 0x0000017c793a1fd0 Unloading class 0x000000010029b400 'jdk/internal/reflect/GeneratedMethodAccessor8'
Event: 9920.147 Thread 0x0000017c793a1fd0 Unloading class 0x000000010029b000 'jdk/internal/reflect/GeneratedMethodAccessor7'
Event: 9920.147 Thread 0x0000017c793a1fd0 Unloading class 0x000000010029ac00 'jdk/internal/reflect/GeneratedSerializationConstructorAccessor11'
Event: 9920.147 Thread 0x0000017c793a1fd0 Unloading class 0x000000010029a800 'jdk/internal/reflect/GeneratedSerializationConstructorAccessor10'
Event: 9920.147 Thread 0x0000017c793a1fd0 Unloading class 0x000000010029a400 'jdk/internal/reflect/GeneratedSerializationConstructorAccessor9'
Event: 9920.147 Thread 0x0000017c793a1fd0 Unloading class 0x0000000100292800 'java/lang/invoke/LambdaForm$MH+0x0000000100292800'
Event: 9920.147 Thread 0x0000017c793a1fd0 Unloading class 0x0000000100292000 'java/lang/invoke/LambdaForm$MH+0x0000000100292000'
Event: 9920.147 Thread 0x0000017c793a1fd0 Unloading class 0x000000010028d800 'jdk/internal/reflect/GeneratedSerializationConstructorAccessor6'
Event: 9920.147 Thread 0x0000017c793a1fd0 Unloading class 0x000000010028d400 'jdk/internal/reflect/GeneratedSerializationConstructorAccessor5'
Event: 9920.147 Thread 0x0000017c793a1fd0 Unloading class 0x000000010028d000 'jdk/internal/reflect/GeneratedSerializationConstructorAccessor4'
Event: 9920.147 Thread 0x0000017c793a1fd0 Unloading class 0x000000010028cc00 'jdk/internal/reflect/GeneratedSerializationConstructorAccessor3'

Classes redefined (0 events):
No events

Internal exceptions (20 events):
Event: 11390.187 Thread 0x0000017c7edac7a0 Exception <a 'java/lang/NoSuchMethodError'{0x00000000eab990d0}: static [J.<clinit>()V> (0x00000000eab990d0) 
thrown [s\src\hotspot\share\prims\jni.cpp, line 1107]
Event: 11394.887 Thread 0x0000017c7bd636e0 Exception <a 'java/lang/ClassNotFoundException'{0x00000000eabdd168}: sun/net/www/protocol/jdt/Handler> (0x00000000eabdd168) 
thrown [s\src\hotspot\share\classfile\systemDictionary.cpp, line 256]
Event: 11394.887 Thread 0x0000017c7bd636e0 Exception <a 'java/lang/ClassNotFoundException'{0x00000000eabdfa20}: sun/net/www/protocol/jdt/Handler> (0x00000000eabdfa20) 
thrown [s\src\hotspot\share\classfile\systemDictionary.cpp, line 256]
Event: 11394.887 Thread 0x0000017c7bd636e0 Exception <a 'java/lang/ClassNotFoundException'{0x00000000eabe2b08}: sun/net/www/protocol/jdt/Handler> (0x00000000eabe2b08) 
thrown [s\src\hotspot\share\classfile\systemDictionary.cpp, line 256]
Event: 11394.887 Thread 0x0000017c7bd636e0 Exception <a 'java/lang/ClassNotFoundException'{0x00000000eabe5428}: sun/net/www/protocol/jdt/Handler> (0x00000000eabe5428) 
thrown [s\src\hotspot\share\classfile\systemDictionary.cpp, line 256]
Event: 11394.887 Thread 0x0000017c7bd636e0 Exception <a 'java/lang/ClassNotFoundException'{0x00000000eac01f98}: sun/net/www/protocol/jdt/Handler> (0x00000000eac01f98) 
thrown [s\src\hotspot\share\classfile\systemDictionary.cpp, line 256]
Event: 11394.887 Thread 0x0000017c7bd636e0 Exception <a 'java/lang/ClassNotFoundException'{0x00000000eac04bb8}: sun/net/www/protocol/jdt/Handler> (0x00000000eac04bb8) 
thrown [s\src\hotspot\share\classfile\systemDictionary.cpp, line 256]
Event: 11394.887 Thread 0x0000017c7bd636e0 Exception <a 'java/lang/ClassNotFoundException'{0x00000000eac07818}: sun/net/www/protocol/jdt/Handler> (0x00000000eac07818) 
thrown [s\src\hotspot\share\classfile\systemDictionary.cpp, line 256]
Event: 11394.887 Thread 0x0000017c7bd636e0 Exception <a 'java/lang/ClassNotFoundException'{0x00000000eac0a4a0}: sun/net/www/protocol/jdt/Handler> (0x00000000eac0a4a0) 
thrown [s\src\hotspot\share\classfile\systemDictionary.cpp, line 256]
Event: 11394.887 Thread 0x0000017c7bd636e0 Exception <a 'java/lang/ClassNotFoundException'{0x00000000eac0d100}: sun/net/www/protocol/jdt/Handler> (0x00000000eac0d100) 
thrown [s\src\hotspot\share\classfile\systemDictionary.cpp, line 256]
Event: 11403.457 Thread 0x0000017c7bd64ef0 Implicit null exception at 0x0000017c6c48a294 to 0x0000017c6c48a538
Event: 11403.457 Thread 0x0000017c7b6bb0d0 Implicit null exception at 0x0000017c6c48a294 to 0x0000017c6c48a538
Event: 11403.457 Thread 0x0000017c7c0d0820 Implicit null exception at 0x0000017c6c48a294 to 0x0000017c6c48a538
Event: 11403.457 Thread 0x0000017c7b6bac00 Implicit null exception at 0x0000017c6c48a294 to 0x0000017c6c48a538
Event: 11403.466 Thread 0x0000017c7b6ba260 Exception <a 'sun/nio/fs/WindowsException'{0x00000000eab38608}> (0x00000000eab38608) 
thrown [s\src\hotspot\share\prims\jni.cpp, line 516]
Event: 11403.642 Thread 0x0000017c7b6ba260 Exception <a 'sun/nio/fs/WindowsException'{0x00000000eaf8c730}> (0x00000000eaf8c730) 
thrown [s\src\hotspot\share\prims\jni.cpp, line 516]
Event: 11405.601 Thread 0x0000017c7e584940 Exception <a 'sun/nio/fs/WindowsException'{0x00000000eb247528}> (0x00000000eb247528) 
thrown [s\src\hotspot\share\prims\jni.cpp, line 516]
Event: 11405.601 Thread 0x0000017c7e584940 Exception <a 'sun/nio/fs/WindowsException'{0x00000000eb247828}> (0x00000000eb247828) 
thrown [s\src\hotspot\share\prims\jni.cpp, line 516]
Event: 11405.602 Thread 0x0000017c7e584940 Exception <a 'sun/nio/fs/WindowsException'{0x00000000eb2481b0}> (0x00000000eb2481b0) 
thrown [s\src\hotspot\share\prims\jni.cpp, line 516]
Event: 11405.602 Thread 0x0000017c7e584940 Exception <a 'sun/nio/fs/WindowsException'{0x00000000eb2484b0}> (0x00000000eb2484b0) 
thrown [s\src\hotspot\share\prims\jni.cpp, line 516]

VM Operations (20 events):
Event: 16595.556 Executing VM operation: Cleanup done
Event: 17149.383 Executing VM operation: ParallelGCFailedAllocation
Event: 17149.387 Executing VM operation: ParallelGCFailedAllocation done
Event: 17149.597 Executing VM operation: ParallelGCFailedAllocation
Event: 17149.599 Executing VM operation: ParallelGCFailedAllocation done
Event: 17149.641 Executing VM operation: ParallelGCFailedAllocation
Event: 17149.642 Executing VM operation: ParallelGCFailedAllocation done
Event: 17150.116 Executing VM operation: ParallelGCFailedAllocation
Event: 17150.117 Executing VM operation: ParallelGCFailedAllocation done
Event: 17150.613 Executing VM operation: ParallelGCFailedAllocation
Event: 17150.614 Executing VM operation: ParallelGCFailedAllocation done
Event: 17152.776 Executing VM operation: ParallelGCFailedAllocation
Event: 17152.777 Executing VM operation: ParallelGCFailedAllocation done
Event: 17153.830 Executing VM operation: ParallelGCFailedAllocation
Event: 17153.831 Executing VM operation: ParallelGCFailedAllocation done
Event: 17155.075 Executing VM operation: ParallelGCFailedAllocation
Event: 17155.076 Executing VM operation: ParallelGCFailedAllocation done
Event: 17155.089 Executing VM operation: ParallelGCFailedAllocation
Event: 17155.090 Executing VM operation: ParallelGCFailedAllocation done
Event: 17155.100 Executing VM operation: ParallelGCFailedAllocation

Events (20 events):
Event: 14679.360 Thread 0x0000017c793e43c0 flushing nmethod 0x0000017c65492a90
Event: 14679.360 Thread 0x0000017c793e43c0 flushing nmethod 0x0000017c65496510
Event: 14679.360 Thread 0x0000017c793e43c0 flushing nmethod 0x0000017c654ebb10
Event: 16593.703 Thread 0x0000017c7e584940 Thread added: 0x0000017c7e584940
Event: 16675.831 Thread 0x0000017c7e584940 Thread exited: 0x0000017c7e584940
Event: 16722.570 Thread 0x0000017c7e583ad0 Thread added: 0x0000017c7e583ad0
Event: 16796.759 Thread 0x0000017c7e583ad0 Thread exited: 0x0000017c7e583ad0
Event: 16830.932 Thread 0x0000017c7e57e900 Thread added: 0x0000017c7e57e900
Event: 16890.934 Thread 0x0000017c7e57e900 Thread exited: 0x0000017c7e57e900
Event: 17148.848 Thread 0x0000017c7e583130 Thread added: 0x0000017c7e583130
Event: 17148.872 Thread 0x0000017c7e583ad0 Thread added: 0x0000017c7e583ad0
Event: 17149.576 Thread 0x0000017c7e584940 Thread added: 0x0000017c7e584940
Event: 17151.875 Thread 0x0000017c7e583ad0 Thread exited: 0x0000017c7e583ad0
Event: 17155.082 Thread 0x0000017c7e580ab0 Thread added: 0x0000017c7e580ab0
Event: 17155.082 Thread 0x0000017c7e583ad0 Thread added: 0x0000017c7e583ad0
Event: 17155.082 Thread 0x0000017c7e57e900 Thread added: 0x0000017c7e57e900
Event: 17155.082 Thread 0x0000017c7bd65890 Thread added: 0x0000017c7bd65890
Event: 17155.082 Thread 0x0000017c7bd65d60 Thread added: 0x0000017c7bd65d60
Event: 17155.083 Thread 0x0000017c7bd688b0 Thread added: 0x0000017c7bd688b0
Event: 17155.096 Thread 0x0000017c7bd636e0 Thread added: 0x0000017c7bd636e0


Dynamic libraries:
0x00007ff60d6d0000 - 0x00007ff60d6de000 	d:\Users\yogendra6260\.vscode\extensions\redhat.java-1.19.0-win32-x64\jre\17.0.7-win32-x86_64\bin\java.exe
0x00007ffd64a40000 - 0x00007ffd64c49000 	C:\Windows\SYSTEM32\ntdll.dll
0x00007ffd62c30000 - 0x00007ffd62ced000 	C:\Windows\System32\KERNEL32.dll
0x00007ffd61670000 - 0x00007ffd61771000 	C:\Windows\system32\hmpalert.dll
0x00007ffd62270000 - 0x00007ffd625e9000 	C:\Windows\System32\KERNELBASE.dll
0x00007ffd627b0000 - 0x00007ffd628c1000 	C:\Windows\System32\ucrtbase.dll
0x00007ffd2b9f0000 - 0x00007ffd2ba07000 	d:\Users\yogendra6260\.vscode\extensions\redhat.java-1.19.0-win32-x64\jre\17.0.7-win32-x86_64\bin\jli.dll
0x00007ffd62a80000 - 0x00007ffd62c2c000 	C:\Windows\System32\USER32.dll
0x00007ffd62780000 - 0x00007ffd627a6000 	C:\Windows\System32\win32u.dll
0x00007ffd628d0000 - 0x00007ffd628f9000 	C:\Windows\System32\GDI32.dll
0x00007ffd62660000 - 0x00007ffd62772000 	C:\Windows\System32\gdi32full.dll
0x00007ffd62150000 - 0x00007ffd621ed000 	C:\Windows\System32\msvcp_win.dll
0x00007ffd34ba0000 - 0x00007ffd34e45000 	C:\Windows\WinSxS\amd64_microsoft.windows.common-controls_6595b64144ccf1df_6.0.22000.120_none_9d947278b86cc467\COMCTL32.dll
0x00007ffd640d0000 - 0x00007ffd64173000 	C:\Windows\System32\msvcrt.dll
0x00007ffd255c0000 - 0x00007ffd255d9000 	d:\Users\yogendra6260\.vscode\extensions\redhat.java-1.19.0-win32-x64\jre\17.0.7-win32-x86_64\bin\VCRUNTIME140.dll
0x00007ffd649c0000 - 0x00007ffd649f1000 	C:\Windows\System32\IMM32.DLL
0x00007ffd419e0000 - 0x00007ffd419ec000 	d:\Users\yogendra6260\.vscode\extensions\redhat.java-1.19.0-win32-x64\jre\17.0.7-win32-x86_64\bin\vcruntime140_1.dll
0x00007ffd12620000 - 0x00007ffd126b1000 	d:\Users\yogendra6260\.vscode\extensions\redhat.java-1.19.0-win32-x64\jre\17.0.7-win32-x86_64\bin\msvcp140.dll
0x00007ffd119d0000 - 0x00007ffd12618000 	d:\Users\yogendra6260\.vscode\extensions\redhat.java-1.19.0-win32-x64\jre\17.0.7-win32-x86_64\bin\server\jvm.dll
0x00007ffd64760000 - 0x00007ffd6480e000 	C:\Windows\System32\ADVAPI32.dll
0x00007ffd64630000 - 0x00007ffd646ce000 	C:\Windows\System32\sechost.dll
0x00007ffd64200000 - 0x00007ffd64320000 	C:\Windows\System32\RPCRT4.dll
0x00007ffd58a70000 - 0x00007ffd58aa3000 	C:\Windows\SYSTEM32\WINMM.dll
0x00007ffd55ff0000 - 0x00007ffd55ff9000 	C:\Windows\SYSTEM32\WSOCK32.dll
0x00007ffd5d6d0000 - 0x00007ffd5d6da000 	C:\Windows\SYSTEM32\VERSION.dll
0x00007ffd64810000 - 0x00007ffd6487f000 	C:\Windows\System32\WS2_32.dll
0x00007ffd60830000 - 0x00007ffd60848000 	C:\Windows\SYSTEM32\kernel.appcore.dll
0x00007ffd41750000 - 0x00007ffd4175a000 	d:\Users\yogendra6260\.vscode\extensions\redhat.java-1.19.0-win32-x64\jre\17.0.7-win32-x86_64\bin\jimage.dll
0x00007ffd61780000 - 0x00007ffd619a1000 	C:\Windows\SYSTEM32\DBGHELP.DLL
0x00007ffd61630000 - 0x00007ffd61661000 	C:\Windows\SYSTEM32\dbgcore.DLL
0x00007ffd621f0000 - 0x00007ffd6226f000 	C:\Windows\System32\bcryptPrimitives.dll
0x00007ffd41710000 - 0x00007ffd4171e000 	d:\Users\yogendra6260\.vscode\extensions\redhat.java-1.19.0-win32-x64\jre\17.0.7-win32-x86_64\bin\instrument.dll
0x00007ffd1ad90000 - 0x00007ffd1adb5000 	d:\Users\yogendra6260\.vscode\extensions\redhat.java-1.19.0-win32-x64\jre\17.0.7-win32-x86_64\bin\java.dll
0x00007ffd1eac0000 - 0x00007ffd1ead8000 	d:\Users\yogendra6260\.vscode\extensions\redhat.java-1.19.0-win32-x64\jre\17.0.7-win32-x86_64\bin\zip.dll
0x00007ffd63790000 - 0x00007ffd63f48000 	C:\Windows\System32\SHELL32.dll
0x00007ffd5f880000 - 0x00007ffd600e7000 	C:\Windows\SYSTEM32\windows.storage.dll
0x00007ffd63250000 - 0x00007ffd635c9000 	C:\Windows\System32\combase.dll
0x00007ffd5f5f0000 - 0x00007ffd5f756000 	C:\Windows\SYSTEM32\wintypes.dll
0x00007ffd62cf0000 - 0x00007ffd62dda000 	C:\Windows\System32\SHCORE.dll
0x00007ffd64880000 - 0x00007ffd648dd000 	C:\Windows\System32\shlwapi.dll
0x00007ffd61e50000 - 0x00007ffd61e71000 	C:\Windows\SYSTEM32\profapi.dll
0x00007ffd17480000 - 0x00007ffd17499000 	D:\Users\yogendra6260\.vscode\extensions\redhat.java-1.19.0-win32-x64\jre\17.0.7-win32-x86_64\bin\net.dll
0x00007ffd5d710000 - 0x00007ffd5d81c000 	C:\Windows\SYSTEM32\WINHTTP.dll
0x00007ffd60cb0000 - 0x00007ffd60d17000 	C:\Windows\system32\mswsock.dll
0x00007ffd10450000 - 0x00007ffd10465000 	D:\Users\yogendra6260\.vscode\extensions\redhat.java-1.19.0-win32-x64\jre\17.0.7-win32-x86_64\bin\nio.dll
0x00007ffd3fa50000 - 0x00007ffd3fa60000 	d:\Users\yogendra6260\.vscode\extensions\redhat.java-1.19.0-win32-x64\jre\17.0.7-win32-x86_64\bin\verify.dll
0x00007ffd0aba0000 - 0x00007ffd0abde000 	D:\Users\yogendra6260\AppData\Roaming\Code\User\globalStorage\redhat.java\1.19.0\config_win\org.eclipse.equinox.launcher\org.eclipse.equinox.launcher.win32.win32.x86_64_1.2.700.v20221108-1024\eclipse_11801.dll
0x00007ffd64320000 - 0x00007ffd644ba000 	C:\Windows\System32\ole32.dll
0x00007ffd61bd0000 - 0x00007ffd61be8000 	C:\Windows\SYSTEM32\CRYPTSP.dll
0x00007ffd607f0000 - 0x00007ffd60825000 	C:\Windows\system32\rsaenh.dll
0x00007ffd60d50000 - 0x00007ffd60d79000 	C:\Windows\SYSTEM32\USERENV.dll
0x00007ffd61b50000 - 0x00007ffd61b77000 	C:\Windows\SYSTEM32\bcrypt.dll
0x00007ffd60ea0000 - 0x00007ffd60eac000 	C:\Windows\SYSTEM32\CRYPTBASE.dll
0x00007ffd603c0000 - 0x00007ffd603ed000 	C:\Windows\SYSTEM32\IPHLPAPI.DLL
0x00007ffd644d0000 - 0x00007ffd644d9000 	C:\Windows\System32\NSI.dll
0x00007ffd5dac0000 - 0x00007ffd5dad9000 	C:\Windows\SYSTEM32\dhcpcsvc6.DLL
0x00007ffd5daa0000 - 0x00007ffd5dabe000 	C:\Windows\SYSTEM32\dhcpcsvc.DLL
0x00007ffd603f0000 - 0x00007ffd604d8000 	C:\Windows\SYSTEM32\DNSAPI.dll
0x00007ffd08650000 - 0x00007ffd08695000 	D:\Users\yogendra6260\AppData\Local\Temp\jna-257299663\jna17917668433734679503.dll
0x00007ffd646d0000 - 0x00007ffd646d8000 	C:\Windows\System32\PSAPI.DLL
0x00007ffd56c70000 - 0x00007ffd56c7e000 	D:\Users\yogendra6260\.vscode\extensions\redhat.java-1.19.0-win32-x64\jre\17.0.7-win32-x86_64\bin\sunmscapi.dll
0x00007ffd61fe0000 - 0x00007ffd62142000 	C:\Windows\System32\CRYPT32.dll
0x00007ffd61020000 - 0x00007ffd61048000 	C:\Windows\SYSTEM32\ncrypt.dll
0x00007ffd60fd0000 - 0x00007ffd61007000 	C:\Windows\SYSTEM32\NTASN1.dll
0x00007ffd5be50000 - 0x00007ffd5be5a000 	C:\Windows\System32\rasadhlp.dll
0x00007ffd5db50000 - 0x00007ffd5dbd1000 	C:\Windows\System32\fwpuclnt.dll
0x00007ffd3d8e0000 - 0x00007ffd3d8e8000 	C:\Windows\system32\wshunix.dll

dbghelp: loaded successfully - version: 4.0.5 - missing functions: none
symbol engine: initialized successfully - sym options: 0x614 - pdb path: .;d:\Users\yogendra6260\.vscode\extensions\redhat.java-1.19.0-win32-x64\jre\17.0.7-win32-x86_64\bin;C:\Windows\SYSTEM32;C:\Windows\WinSxS\amd64_microsoft.windows.common-controls_6595b64144ccf1df_6.0.22000.120_none_9d947278b86cc467;d:\Users\yogendra6260\.vscode\extensions\redhat.java-1.19.0-win32-x64\jre\17.0.7-win32-x86_64\bin\server;D:\Users\yogendra6260\AppData\Roaming\Code\User\globalStorage\redhat.java\1.19.0\config_win\org.eclipse.equinox.launcher\org.eclipse.equinox.launcher.win32.win32.x86_64_1.2.700.v20221108-1024;D:\Users\yogendra6260\AppData\Local\Temp\jna-257299663

VM Arguments:
jvm_args: --add-modules=ALL-SYSTEM --add-opens=java.base/java.util=ALL-UNNAMED --add-opens=java.base/java.lang=ALL-UNNAMED --add-opens=java.base/sun.nio.fs=ALL-UNNAMED -Declipse.application=org.eclipse.jdt.ls.core.id1 -Dosgi.bundles.defaultStartLevel=4 -Declipse.product=org.eclipse.jdt.ls.core.product -Djava.import.generatesMetadataFilesAtProjectRoot=false -Dfile.encoding=utf8 -XX:+UseParallelGC -XX:GCTimeRatio=4 -XX:AdaptiveSizePolicyWeight=90 -Dsun.zip.disableMemoryMapping=true -Xmx1G -Xms100m -Xlog:disable -javaagent:d:\Users\yogendra6260\.vscode\extensions\redhat.java-1.19.0-win32-x64\lombok\lombok-1.18.28.jar -XX:+HeapDumpOnOutOfMemoryError -XX:HeapDumpPath=d:\Users\yogendra6260\AppData\Roaming\Code\User\workspaceStorage\b14ce25ea627958b00ebb8ce15486714\redhat.java -Daether.dependencyCollector.impl=bf 
java_command: d:\Users\yogendra6260\.vscode\extensions\redhat.java-1.19.0-win32-x64\server\plugins\org.eclipse.equinox.launcher_1.6.400.v20210924-0641.jar -configuration d:\Users\yogendra6260\AppData\Roaming\Code\User\globalStorage\redhat.java\1.19.0\config_win -data d:\Users\yogendra6260\AppData\Roaming\Code\User\workspaceStorage\b14ce25ea627958b00ebb8ce15486714\redhat.java\jdt_ws
java_class_path (initial): d:\Users\yogendra6260\.vscode\extensions\redhat.java-1.19.0-win32-x64\server\plugins\org.eclipse.equinox.launcher_1.6.400.v20210924-0641.jar
Launcher Type: SUN_STANDARD

[Global flags]
    uintx AdaptiveSizePolicyWeight                 = 90                                        {product} {command line}
     intx CICompilerCount                          = 4                                         {product} {ergonomic}
    uintx GCTimeRatio                              = 4                                         {product} {command line}
     bool HeapDumpOnOutOfMemoryError               = true                                   {manageable} {command line}
    ccstr HeapDumpPath                             = d:\Users\yogendra6260\AppData\Roaming\Code\User\workspaceStorage\b14ce25ea627958b00ebb8ce15486714\redhat.java         {manageable} {command line}
   size_t InitialHeapSize                          = 104857600                                 {product} {command line}
   size_t MaxHeapSize                              = 1073741824                                {product} {command line}
   size_t MaxNewSize                               = 357564416                                 {product} {ergonomic}
   size_t MinHeapDeltaBytes                        = 524288                                    {product} {ergonomic}
   size_t MinHeapSize                              = 104857600                                 {product} {command line}
   size_t NewSize                                  = 34603008                                  {product} {ergonomic}
    uintx NonNMethodCodeHeapSize                   = 5839372                                {pd product} {ergonomic}
    uintx NonProfiledCodeHeapSize                  = 122909434                              {pd product} {ergonomic}
   size_t OldSize                                  = 70254592                                  {product} {ergonomic}
    uintx ProfiledCodeHeapSize                     = 122909434                              {pd product} {ergonomic}
    uintx ReservedCodeCacheSize                    = 251658240                              {pd product} {ergonomic}
     bool SegmentedCodeCache                       = true                                      {product} {ergonomic}
   size_t SoftMaxHeapSize                          = 1073741824                             {manageable} {ergonomic}
     bool UseCompressedClassPointers               = true                           {product lp64_product} {ergonomic}
     bool UseCompressedOops                        = true                           {product lp64_product} {ergonomic}
     bool UseLargePagesIndividualAllocation        = false                                  {pd product} {ergonomic}
     bool UseParallelGC                            = true                                      {product} {command line}

Logging:
Log output configuration:
 #0: stdout all=off uptime,level,tags
 #1: stderr all=off uptime,level,tags

Environment Variables:
PATH=C:\Program Files\Common Files\Oracle\Java\javapath;C:\Windows\system32;C:\Windows;C:\Windows\System32\Wbem;C:\Windows\System32\WindowsPowerShell\v1.0\;C:\Windows\System32\OpenSSH\;C:\Program Files\PuTTY\;D:\Users\yogendra6260\AppData\Local\Microsoft\WindowsApps;D:\Users\yogendra6260\AppData\Local\Programs\Git\cmd;D:\Users\yogendra6260\AppData\Local\Programs\Microsoft VS Code\bin
USERNAME=yogendra6260
OS=Windows_NT
PROCESSOR_IDENTIFIER=Intel64 Family 6 Model 151 Stepping 5, GenuineIntel
TMP=D:\Users\yogendra6260\AppData\Local\Temp
TEMP=D:\Users\yogendra6260\AppData\Local\Temp



---------------  S Y S T E M  ---------------

OS:
 Windows 11 , 64 bit Build 22000 (10.0.22000.708)
OS uptime: 1 days 2:27 hours
Hyper-V role detected

CPU: total 12 (initial active 12) (6 cores per cpu, 2 threads per core) family 6 model 151 stepping 5 microcode 0x1e, cx8, cmov, fxsr, ht, mmx, 3dnowpref, sse, sse2, sse3, ssse3, sse4.1, sse4.2, popcnt, lzcnt, tsc, tscinvbit, avx, avx2, aes, erms, clmul, bmi1, bmi2, adx, sha, fma, vzeroupper, clflush, clflushopt, clwb, hv

Memory: 4k page, system-wide physical 16059M (8540M free)
TotalPageFile size 18491M (AvailPageFile size 9296M)
current process WorkingSet (physical memory assigned to process): 442M, peak: 515M
current process commit charge ("private bytes"): 515M, peak: 547M

vm_info: OpenJDK 64-Bit Server VM (17.0.7+7) for windows-amd64 JRE (17.0.7+7), built on Apr 18 2023 22:10:42 by "temurin" with MS VC++ 16.7 (VS2019)

END.
